  Auto-resolving pending trades...
  No pending trades resolved (all still active)
========================================================================
========================================================================
  END-OF-DAY ANALYSIS — 2026-06-05 15:18
========================================================================

  Summary: 0 resolved, 80 pending (42 live)
  Database: 80 total trades

  ──────────────────────────────────────────────────────────────────────
  CALIBRATION ANALYSIS
  ──────────────────────────────────────────────────────────────────────

  ──────────────────────────────────────────────────────────────────────
  EDGE EFFECTIVENESS
  ──────────────────────────────────────────────────────────────────────

  ──────────────────────────────────────────────────────────────────────
  LEARNINGS & RECOMMENDATIONS
  ──────────────────────────────────────────────────────────────────────
  • No actionable insights yet — need more resolved trades

========================================================================
  ANALYSIS COMPLETE
========================================================================