  Auto-resolving pending trades...
  No pending trades resolved (all still active)
========================================================================
========================================================================
  END-OF-DAY ANALYSIS — 2026-06-07 12:40
========================================================================

  Summary: 0 resolved, 200 pending (102 live)
  Database: 200 total trades

  ──────────────────────────────────────────────────────────────────────
  CALIBRATION ANALYSIS
  ──────────────────────────────────────────────────────────────────────

  ──────────────────────────────────────────────────────────────────────
  EDGE EFFECTIVENESS
  ──────────────────────────────────────────────────────────────────────

  ──────────────────────────────────────────────────────────────────────
  LEARNINGS & RECOMMENDATIONS
  ──────────────────────────────────────────────────────────────────────
  • No actionable insights yet — need more resolved trades

========================================================================
  ANALYSIS COMPLETE
========================================================================